2026-06-25 18:03:20,186 - INFO - ============================================================
2026-06-25 18:03:20,186 - INFO - AI前沿观察者日报任务启动
2026-06-25 18:03:20,186 - INFO - ============================================================
2026-06-25 18:03:20,187 - INFO - 开始获取AI前沿新闻...
2026-06-25 18:03:20,187 - WARNING - 未配置BING_API_KEY环境变量，将使用模拟数据
2026-06-25 18:03:20,187 - INFO - 开始生成日报...
2026-06-25 18:03:20,187 - INFO - 日报生成完成
2026-06-25 18:03:20,187 - INFO - 保存日报文件...
2026-06-25 18:03:20,189 - INFO - 日报已保存到 ./reports\ai_report_20260625.txt
2026-06-25 18:03:20,190 - INFO - 开始发送邮件...
2026-06-25 18:03:21,825 - ERROR - 邮件发送失败: Connection unexpectedly closed
2026-06-25 18:03:21,825 - INFO - 日报任务执行完成
2026-06-25 18:13:49,814 - INFO - ============================================================
2026-06-25 18:13:49,814 - INFO - AI前沿观察者日报任务启动
2026-06-25 18:13:49,814 - INFO - ============================================================
2026-06-25 18:13:49,814 - INFO - 开始获取AI前沿新闻...
2026-06-25 18:13:49,815 - WARNING - 未配置BING_API_KEY环境变量，将使用模拟数据
2026-06-25 18:13:49,815 - INFO - 开始生成日报...
2026-06-25 18:13:49,815 - INFO - 日报生成完成
2026-06-25 18:13:49,815 - INFO - 保存日报文件...
2026-06-25 18:13:49,816 - INFO - 日报已保存到 ./reports\ai_report_20260625.txt
2026-06-25 18:13:49,816 - INFO - 开始发送邮件...
2026-06-25 18:13:51,409 - ERROR - 邮件发送失败: Connection unexpectedly closed
2026-06-25 18:13:51,409 - INFO - 日报任务执行完成
2026-06-25 18:15:30,423 - INFO - ============================================================
2026-06-25 18:15:30,423 - INFO - AI前沿观察者日报任务启动
2026-06-25 18:15:30,424 - INFO - ============================================================
2026-06-25 18:15:30,424 - INFO - 开始获取AI前沿新闻...
2026-06-25 18:15:30,424 - WARNING - 未配置BING_API_KEY环境变量，将使用模拟数据
2026-06-25 18:15:30,424 - INFO - 开始生成日报...
2026-06-25 18:15:30,424 - INFO - 日报生成完成
2026-06-25 18:15:30,424 - INFO - 保存日报文件...
2026-06-25 18:15:30,425 - INFO - 日报已保存到 ./reports\ai_report_20260625.txt
2026-06-25 18:15:30,425 - INFO - 开始发送邮件...
2026-06-25 18:15:32,530 - INFO - 邮件发送成功
2026-06-25 18:15:32,531 - INFO - 日报任务执行完成
2026-06-25 20:20:30,662 - INFO - 脚本目录: C:\Users\28352\Desktop\AI前沿观察者\AIobserve
2026-06-25 20:20:30,663 - INFO - 当前工作目录: C:\Users\28352\Desktop\AI前沿观察者\AIobserve
2026-06-25 20:20:30,663 - INFO - Python路径: C:\Users\28352\AppData\Local\Microsoft\WindowsApps\PythonSoftwareFoundation.Python.3.13_qbz5n2kfra8p0\python.exe
2026-06-25 20:20:30,663 - INFO - ============================================================
2026-06-25 20:20:30,663 - INFO - AI前沿观察者日报任务启动
2026-06-25 20:20:30,664 - INFO - ============================================================
2026-06-25 20:20:30,664 - INFO - 开始获取AI前沿新闻...
2026-06-25 20:20:30,664 - WARNING - 未配置BING_API_KEY环境变量，将使用模拟数据
2026-06-25 20:20:30,664 - INFO - 开始生成日报...
2026-06-25 20:20:30,665 - INFO - 日报生成完成
2026-06-25 20:20:30,665 - INFO - 保存日报文件...
2026-06-25 20:20:30,666 - INFO - 日报已保存到 ./reports\ai_report_20260625.txt
2026-06-25 20:20:30,666 - INFO - 开始发送邮件...
2026-06-25 20:20:32,613 - INFO - 邮件发送成功
2026-06-25 20:20:32,613 - INFO - 日报任务执行完成
2026-06-27 21:12:18,557 - INFO - 脚本目录: C:\Users\28352\Desktop\AI前沿观察者\AIobserve
2026-06-27 21:12:18,558 - INFO - 当前工作目录: C:\Users\28352\Desktop\AI前沿观察者\AIobserve
2026-06-27 21:12:18,559 - INFO - Python路径: C:\Users\28352\AppData\Local\Microsoft\WindowsApps\PythonSoftwareFoundation.Python.3.13_qbz5n2kfra8p0\python.exe
2026-06-27 21:12:18,559 - INFO - ============================================================
2026-06-27 21:12:18,559 - INFO - AI前沿观察者日报任务启动
2026-06-27 21:12:18,559 - INFO - ============================================================
2026-06-27 21:12:18,559 - INFO - 开始获取AI前沿新闻...
2026-06-27 21:12:18,559 - WARNING - 未配置BING_API_KEY环境变量，将使用模拟数据
2026-06-27 21:12:18,559 - INFO - 开始生成日报...
2026-06-27 21:12:18,559 - INFO - 日报生成完成
2026-06-27 21:12:18,559 - INFO - 保存日报文件...
2026-06-27 21:12:18,560 - INFO - 日报已保存到 ./reports\ai_report_20260627.txt
2026-06-27 21:12:18,560 - INFO - 开始发送邮件...
2026-06-27 21:12:19,821 - INFO - 邮件发送成功
2026-06-27 21:12:19,821 - INFO - 日报任务执行完成
2026-06-27 21:22:37,853 - INFO - 脚本目录: C:\Users\28352\Desktop\AI前沿观察者\AIobserve
2026-06-27 21:22:37,853 - INFO - 当前工作目录: C:\Users\28352\Desktop\AI前沿观察者\AIobserve
2026-06-27 21:22:37,853 - INFO - Python路径: C:\Users\28352\AppData\Local\Microsoft\WindowsApps\PythonSoftwareFoundation.Python.3.13_qbz5n2kfra8p0\python.exe
2026-06-27 21:22:37,853 - INFO - ============================================================
2026-06-27 21:22:37,854 - INFO - AI前沿观察者日报任务启动
2026-06-27 21:22:37,854 - INFO - ============================================================
2026-06-27 21:22:37,854 - INFO - 开始获取AI前沿新闻...
2026-06-27 21:22:37,854 - WARNING - 未配置BING_API_KEY环境变量，将使用模拟数据
2026-06-27 21:22:37,854 - INFO - 开始生成日报...
2026-06-27 21:22:37,854 - INFO - 日报生成完成
2026-06-27 21:22:37,855 - INFO - 保存日报文件...
2026-06-27 21:22:37,856 - INFO - 日报已保存到 ./reports\ai_report_20260627.txt
2026-06-27 21:22:37,856 - INFO - 开始发送邮件...
2026-06-27 21:22:39,501 - INFO - 邮件发送成功
2026-06-27 21:22:39,502 - INFO - 日报任务执行完成
2026-06-27 21:29:56,080 - INFO - 脚本目录: C:\Users\28352\Desktop\AI前沿观察者\AIobserve
2026-06-27 21:29:56,081 - INFO - 当前工作目录: C:\Users\28352\Desktop\AI前沿观察者\AIobserve
2026-06-27 21:29:56,081 - INFO - Python路径: C:\Users\28352\AppData\Local\Microsoft\WindowsApps\PythonSoftwareFoundation.Python.3.13_qbz5n2kfra8p0\python.exe
2026-06-27 21:29:56,081 - INFO - ============================================================
2026-06-27 21:29:56,081 - INFO - AI前沿观察者日报任务启动
2026-06-27 21:29:56,081 - INFO - ============================================================
2026-06-27 21:29:56,081 - INFO - 开始获取AI前沿新闻...
2026-06-27 21:29:56,081 - WARNING - 未配置BING_API_KEY环境变量，将使用模拟数据
2026-06-27 21:29:56,081 - INFO - 开始生成日报...
2026-06-27 21:29:56,081 - INFO - 日报生成完成
2026-06-27 21:29:56,081 - INFO - 保存日报文件...
2026-06-27 21:29:56,082 - INFO - 日报已保存到 ./reports\ai_report_20260627.txt
2026-06-27 21:29:56,082 - INFO - 开始发送邮件...
2026-06-27 21:29:57,175 - INFO - 邮件发送成功
2026-06-27 21:29:57,175 - INFO - 日报任务执行完成
2026-06-27 21:30:13,931 - INFO - 脚本目录: C:\Users\28352\Desktop\AI前沿观察者\AIobserve
2026-06-27 21:30:13,931 - INFO - 当前工作目录: C:\Users\28352\Desktop\AI前沿观察者\AIobserve
2026-06-27 21:30:13,931 - INFO - Python路径: C:\Users\28352\AppData\Local\Microsoft\WindowsApps\PythonSoftwareFoundation.Python.3.13_qbz5n2kfra8p0\python.exe
2026-06-27 21:30:13,931 - INFO - ============================================================
2026-06-27 21:30:13,932 - INFO - AI前沿观察者日报任务启动
2026-06-27 21:30:13,932 - INFO - ============================================================
2026-06-27 21:30:13,932 - INFO - 开始获取AI前沿新闻...
2026-06-27 21:30:13,932 - WARNING - 未配置BING_API_KEY环境变量，将使用模拟数据
2026-06-27 21:30:13,932 - INFO - 开始生成日报...
2026-06-27 21:30:13,933 - INFO - 日报生成完成
2026-06-27 21:30:13,933 - INFO - 保存日报文件...
2026-06-27 21:30:13,934 - INFO - 日报已保存到 ./reports\ai_report_20260627.txt
2026-06-27 21:30:13,934 - INFO - 开始发送邮件...
2026-06-27 21:30:15,268 - INFO - 邮件发送成功
2026-06-27 21:30:15,268 - INFO - 日报任务执行完成
2026-06-27 21:37:18,469 - INFO - 脚本目录: C:\Users\28352\Desktop\AI前沿观察者\AIobserve
2026-06-27 21:37:18,469 - INFO - 当前工作目录: C:\Users\28352\Desktop\AI前沿观察者\AIobserve
2026-06-27 21:37:18,469 - INFO - Python路径: C:\Users\28352\AppData\Local\Microsoft\WindowsApps\PythonSoftwareFoundation.Python.3.13_qbz5n2kfra8p0\python.exe
2026-06-27 21:37:18,469 - INFO - ============================================================
2026-06-27 21:37:18,470 - INFO - AI前沿观察者日报任务启动
2026-06-27 21:37:18,470 - INFO - ============================================================
2026-06-27 21:37:18,470 - INFO - 开始获取AI前沿新闻...
2026-06-27 21:37:18,470 - WARNING - 未配置BING_API_KEY环境变量，将使用模拟数据
2026-06-27 21:37:18,471 - INFO - 开始生成日报...
2026-06-27 21:37:18,471 - INFO - 日报生成完成
2026-06-27 21:37:18,471 - INFO - 保存日报文件...
2026-06-27 21:37:18,472 - INFO - 日报已保存到 ./reports\ai_report_20260627.txt
2026-06-27 21:37:18,472 - INFO - 开始发送邮件...
2026-06-27 21:37:19,368 - INFO - 邮件发送成功
2026-06-27 21:37:19,369 - INFO - 日报任务执行完成
2026-06-27 21:43:45,303 - INFO - 脚本目录: C:\Users\28352\Desktop\AI前沿观察者\AIobserve
2026-06-27 21:43:45,303 - INFO - 当前工作目录: C:\Users\28352\Desktop\AI前沿观察者\AIobserve
2026-06-27 21:43:45,303 - INFO - Python路径: C:\Users\28352\AppData\Local\Microsoft\WindowsApps\PythonSoftwareFoundation.Python.3.13_qbz5n2kfra8p0\python.exe
2026-06-27 21:43:45,303 - INFO - ============================================================
2026-06-27 21:43:45,303 - INFO - AI前沿观察者日报任务启动
2026-06-27 21:43:45,303 - INFO - ============================================================
2026-06-27 21:43:45,303 - INFO - 开始获取AI前沿新闻...
2026-06-27 21:43:45,303 - WARNING - 未配置BING_API_KEY环境变量，将使用模拟数据
2026-06-27 21:43:45,303 - INFO - 开始生成日报...
2026-06-27 21:43:45,303 - INFO - 日报生成完成
2026-06-27 21:43:45,303 - INFO - 保存日报文件...
2026-06-27 21:43:45,304 - INFO - 日报已保存到 ./reports\ai_report_20260627.txt
2026-06-27 21:43:45,304 - INFO - 开始发送邮件...
2026-06-27 21:43:46,308 - INFO - 邮件发送成功
2026-06-27 21:43:46,309 - INFO - 日报任务执行完成
2026-06-28 20:00:04,254 - INFO - 脚本目录: C:\Users\28352\Desktop\AI前沿观察者\AIobserve
2026-06-28 20:00:04,256 - INFO - 当前工作目录: C:\Users\28352\Desktop\AI前沿观察者\AIobserve
2026-06-28 20:00:04,256 - INFO - Python路径: C:\Users\28352\AppData\Local\Microsoft\WindowsApps\PythonSoftwareFoundation.Python.3.13_qbz5n2kfra8p0\python.exe
2026-06-28 20:00:04,256 - INFO - ============================================================
2026-06-28 20:00:04,256 - INFO - AI前沿观察者日报任务启动
2026-06-28 20:00:04,256 - INFO - ============================================================
2026-06-28 20:00:04,256 - INFO - 开始获取AI前沿新闻...
2026-06-28 20:00:04,256 - WARNING - 未配置BING_API_KEY环境变量，将使用模拟数据
2026-06-28 20:00:04,256 - INFO - 开始生成日报...
2026-06-28 20:00:04,257 - INFO - 日报生成完成
2026-06-28 20:00:04,257 - INFO - 保存日报文件...
2026-06-28 20:00:04,258 - INFO - 日报已保存到 ./reports\ai_report_20260628.txt
2026-06-28 20:00:04,258 - INFO - 开始发送邮件...
2026-06-28 20:00:05,350 - INFO - 邮件发送成功
2026-06-28 20:00:05,351 - INFO - 日报任务执行完成
2026-06-29 20:00:04,476 - INFO - 脚本目录: C:\Users\28352\Desktop\AI前沿观察者\AIobserve
2026-06-29 20:00:04,478 - INFO - 当前工作目录: C:\Users\28352\Desktop\AI前沿观察者\AIobserve
2026-06-29 20:00:04,478 - INFO - Python路径: C:\Users\28352\AppData\Local\Microsoft\WindowsApps\PythonSoftwareFoundation.Python.3.13_qbz5n2kfra8p0\python.exe
2026-06-29 20:00:04,478 - INFO - ============================================================
2026-06-29 20:00:04,478 - INFO - AI前沿观察者日报任务启动
2026-06-29 20:00:04,478 - INFO - ============================================================
2026-06-29 20:00:04,478 - INFO - 开始获取AI前沿新闻...
2026-06-29 20:00:04,478 - WARNING - 未配置BING_API_KEY环境变量，将使用模拟数据
2026-06-29 20:00:04,478 - INFO - 开始生成日报...
2026-06-29 20:00:04,478 - INFO - 日报生成完成
2026-06-29 20:00:04,478 - INFO - 保存日报文件...
2026-06-29 20:00:04,479 - INFO - 日报已保存到 ./reports\ai_report_20260629.txt
2026-06-29 20:00:04,479 - INFO - 开始发送邮件...
2026-06-29 20:00:07,077 - INFO - 邮件发送成功
2026-06-29 20:00:07,077 - INFO - 日报任务执行完成
2026-06-30 20:00:03,986 - INFO - 脚本目录: C:\Users\28352\Desktop\AI前沿观察者\AIobserve
2026-06-30 20:00:03,987 - INFO - 当前工作目录: C:\Users\28352\Desktop\AI前沿观察者\AIobserve
2026-06-30 20:00:03,987 - INFO - Python路径: C:\Users\28352\AppData\Local\Microsoft\WindowsApps\PythonSoftwareFoundation.Python.3.13_qbz5n2kfra8p0\python.exe
2026-06-30 20:00:03,988 - INFO - ============================================================
2026-06-30 20:00:03,988 - INFO - AI前沿观察者日报任务启动
2026-06-30 20:00:03,988 - INFO - ============================================================
2026-06-30 20:00:03,988 - INFO - 开始获取AI前沿新闻...
2026-06-30 20:00:03,988 - WARNING - 未配置BING_API_KEY环境变量，将使用模拟数据
2026-06-30 20:00:03,988 - INFO - 开始生成日报...
2026-06-30 20:00:03,988 - INFO - 日报生成完成
2026-06-30 20:00:03,988 - INFO - 保存日报文件...
2026-06-30 20:00:03,989 - INFO - 日报已保存到 ./reports\ai_report_20260630.txt
2026-06-30 20:00:03,989 - INFO - 开始发送邮件...
2026-06-30 20:00:06,839 - INFO - 邮件发送成功
2026-06-30 20:00:06,839 - INFO - 日报任务执行完成
2026-07-01 20:00:03,730 - INFO - 脚本目录: C:\Users\28352\Desktop\AI前沿观察者\AIobserve
2026-07-01 20:00:03,731 - INFO - 当前工作目录: C:\Users\28352\Desktop\AI前沿观察者\AIobserve
2026-07-01 20:00:03,731 - INFO - Python路径: C:\Users\28352\AppData\Local\Microsoft\WindowsApps\PythonSoftwareFoundation.Python.3.13_qbz5n2kfra8p0\python.exe
2026-07-01 20:00:03,731 - INFO - ============================================================
2026-07-01 20:00:03,731 - INFO - AI前沿观察者日报任务启动
2026-07-01 20:00:03,731 - INFO - ============================================================
2026-07-01 20:00:03,731 - INFO - 开始获取AI前沿新闻...
2026-07-01 20:00:03,731 - WARNING - 未配置BING_API_KEY环境变量，将使用模拟数据
2026-07-01 20:00:03,732 - INFO - 开始生成日报...
2026-07-01 20:00:03,732 - INFO - 日报生成完成
2026-07-01 20:00:03,732 - INFO - 保存日报文件...
2026-07-01 20:00:03,733 - INFO - 日报已保存到 ./reports\ai_report_20260701.txt
2026-07-01 20:00:03,733 - INFO - 开始发送邮件...
2026-07-01 20:00:05,097 - INFO - 邮件发送成功
2026-07-01 20:00:05,097 - INFO - 日报任务执行完成
2026-07-02 20:00:04,466 - INFO - 脚本目录: C:\Users\28352\Desktop\AI前沿观察者\AIobserve
2026-07-02 20:00:04,468 - INFO - 当前工作目录: C:\Users\28352\Desktop\AI前沿观察者\AIobserve
2026-07-02 20:00:04,468 - INFO - Python路径: C:\Users\28352\AppData\Local\Microsoft\WindowsApps\PythonSoftwareFoundation.Python.3.13_qbz5n2kfra8p0\python.exe
2026-07-02 20:00:04,468 - INFO - ============================================================
2026-07-02 20:00:04,468 - INFO - AI前沿观察者日报任务启动
2026-07-02 20:00:04,468 - INFO - ============================================================
2026-07-02 20:00:04,468 - INFO - 开始获取AI前沿新闻...
2026-07-02 20:00:04,468 - WARNING - 未配置BING_API_KEY环境变量，将使用模拟数据
2026-07-02 20:00:04,469 - INFO - 开始生成日报...
2026-07-02 20:00:04,469 - INFO - 日报生成完成
2026-07-02 20:00:04,469 - INFO - 保存日报文件...
2026-07-02 20:00:04,470 - INFO - 日报已保存到 ./reports\ai_report_20260702.txt
2026-07-02 20:00:04,470 - INFO - 开始发送邮件...
2026-07-02 20:00:06,693 - INFO - 邮件发送成功
2026-07-02 20:00:06,693 - INFO - 日报任务执行完成
2026-07-03 20:00:04,014 - INFO - 脚本目录: C:\Users\28352\Desktop\AI前沿观察者\AIobserve
2026-07-03 20:00:04,016 - INFO - 当前工作目录: C:\Users\28352\Desktop\AI前沿观察者\AIobserve
2026-07-03 20:00:04,016 - INFO - Python路径: C:\Users\28352\AppData\Local\Microsoft\WindowsApps\PythonSoftwareFoundation.Python.3.13_qbz5n2kfra8p0\python.exe
2026-07-03 20:00:04,016 - INFO - ============================================================
2026-07-03 20:00:04,016 - INFO - AI前沿观察者日报任务启动
2026-07-03 20:00:04,016 - INFO - ============================================================
2026-07-03 20:00:04,016 - INFO - 开始获取AI前沿新闻...
2026-07-03 20:00:04,016 - WARNING - 未配置BING_API_KEY环境变量，将使用模拟数据
2026-07-03 20:00:04,016 - INFO - 开始生成日报...
2026-07-03 20:00:04,016 - INFO - 日报生成完成
2026-07-03 20:00:04,017 - INFO - 保存日报文件...
2026-07-03 20:00:04,018 - INFO - 日报已保存到 ./reports\ai_report_20260703.txt
2026-07-03 20:00:04,018 - INFO - 开始发送邮件...
2026-07-03 20:00:05,653 - INFO - 邮件发送成功
2026-07-03 20:00:05,653 - INFO - 日报任务执行完成
2026-07-04 20:00:04,511 - INFO - 脚本目录: C:\Users\28352\Desktop\AI前沿观察者\AIobserve
2026-07-04 20:00:04,512 - INFO - 当前工作目录: C:\Users\28352\Desktop\AI前沿观察者\AIobserve
2026-07-04 20:00:04,512 - INFO - Python路径: C:\Users\28352\AppData\Local\Microsoft\WindowsApps\PythonSoftwareFoundation.Python.3.13_qbz5n2kfra8p0\python.exe
2026-07-04 20:00:04,512 - INFO - ============================================================
2026-07-04 20:00:04,513 - INFO - AI前沿观察者日报任务启动
2026-07-04 20:00:04,513 - INFO - ============================================================
2026-07-04 20:00:04,513 - INFO - 开始获取AI前沿新闻...
2026-07-04 20:00:04,513 - WARNING - 未配置BING_API_KEY环境变量，将使用模拟数据
2026-07-04 20:00:04,513 - INFO - 开始生成日报...
2026-07-04 20:00:04,513 - INFO - 日报生成完成
2026-07-04 20:00:04,513 - INFO - 保存日报文件...
2026-07-04 20:00:04,515 - INFO - 日报已保存到 ./reports\ai_report_20260704.txt
2026-07-04 20:00:04,515 - INFO - 开始发送邮件...
2026-07-04 20:00:05,831 - INFO - 邮件发送成功
2026-07-04 20:00:05,832 - INFO - 日报任务执行完成
2026-07-05 20:00:04,808 - INFO - 脚本目录: C:\Users\28352\Desktop\AI前沿观察者\AIobserve
2026-07-05 20:00:04,810 - INFO - 当前工作目录: C:\Users\28352\Desktop\AI前沿观察者\AIobserve
2026-07-05 20:00:04,810 - INFO - Python路径: C:\Users\28352\AppData\Local\Microsoft\WindowsApps\PythonSoftwareFoundation.Python.3.13_qbz5n2kfra8p0\python.exe
2026-07-05 20:00:04,810 - INFO - ============================================================
2026-07-05 20:00:04,810 - INFO - AI前沿观察者日报任务启动
2026-07-05 20:00:04,810 - INFO - ============================================================
2026-07-05 20:00:04,810 - INFO - 开始获取AI前沿新闻...
2026-07-05 20:00:04,810 - WARNING - 未配置BING_API_KEY环境变量，将使用模拟数据
2026-07-05 20:00:04,810 - INFO - 开始生成日报...
2026-07-05 20:00:04,810 - INFO - 日报生成完成
2026-07-05 20:00:04,810 - INFO - 保存日报文件...
2026-07-05 20:00:04,812 - INFO - 日报已保存到 ./reports\ai_report_20260705.txt
2026-07-05 20:00:04,812 - INFO - 开始发送邮件...
2026-07-05 20:00:06,200 - INFO - 邮件发送成功
2026-07-05 20:00:06,200 - INFO - 日报任务执行完成
2026-07-06 20:00:01,477 - INFO - 脚本目录: C:\Users\28352\Desktop\AI前沿观察者\AIobserve
2026-07-06 20:00:01,478 - INFO - 当前工作目录: C:\Users\28352\Desktop\AI前沿观察者\AIobserve
2026-07-06 20:00:01,478 - INFO - Python路径: C:\Users\28352\AppData\Local\Microsoft\WindowsApps\PythonSoftwareFoundation.Python.3.13_qbz5n2kfra8p0\python.exe
2026-07-06 20:00:01,478 - INFO - ============================================================
2026-07-06 20:00:01,478 - INFO - AI前沿观察者日报任务启动
2026-07-06 20:00:01,478 - INFO - ============================================================
2026-07-06 20:00:01,478 - INFO - 开始获取AI前沿新闻...
2026-07-06 20:00:01,478 - WARNING - 未配置BING_API_KEY环境变量，将使用模拟数据
2026-07-06 20:00:01,478 - INFO - 开始生成日报...
2026-07-06 20:00:01,479 - INFO - 日报生成完成
2026-07-06 20:00:01,479 - INFO - 保存日报文件...
2026-07-06 20:00:01,479 - INFO - 日报已保存到 ./reports\ai_report_20260706.txt
2026-07-06 20:00:01,480 - INFO - 开始发送邮件...
2026-07-06 20:00:03,064 - INFO - 邮件发送成功
2026-07-06 20:00:03,064 - INFO - 日报任务执行完成
2026-07-07 17:47:40,002 - AIObserver - INFO - ============================================================
2026-07-07 17:47:40,003 - AIObserver - INFO - AI前沿观察者日报任务启动
2026-07-07 17:47:40,003 - AIObserver - INFO - ============================================================
2026-07-07 17:47:40,003 - AIObserver - INFO - 开始从所有数据源获取新闻...
2026-07-07 17:47:40,003 - AIObserver - INFO - 从 Bing News 获取到 5 条新闻
2026-07-07 17:47:40,536 - AIObserver - INFO - 从 arXiv 获取到 3 条新闻
2026-07-07 17:48:02,088 - AIObserver - INFO - 从 GitHub Trending 获取到 3 条新闻
2026-07-07 17:52:02,068 - AIObserver - INFO - 从 Hacker News 获取到 9 条新闻
2026-07-07 17:52:02,068 - AIObserver - INFO - 共获取到 20 条新闻
2026-07-07 17:52:02,068 - AIObserver - INFO - 开始处理新闻...
2026-07-07 17:52:02,068 - AIObserver - INFO - NewsCategorizer 处理完成
2026-07-07 17:52:02,068 - AIObserver - INFO - AISummarizer 处理完成
2026-07-07 17:52:02,090 - AIObserver - INFO - TrendAnalyzer 处理完成
2026-07-07 17:52:02,090 - AIObserver - INFO - 开始生成日报...
2026-07-07 17:52:02,090 - AIObserver - INFO - 日报生成完成
2026-07-07 17:52:02,091 - AIObserver - INFO - 开始分发日报...
2026-07-07 17:52:02,092 - AIObserver - INFO - File 分发成功
2026-07-07 17:52:03,384 - AIObserver - INFO - Email 分发成功
2026-07-07 17:52:03,384 - AIObserver - INFO - Telegram 分发成功
2026-07-07 17:52:03,384 - AIObserver - INFO - 日报任务执行完成
2026-07-07 18:17:11,770 - AIObserver - INFO - ============================================================
2026-07-07 18:17:11,770 - AIObserver - INFO - AI前沿观察者日报任务启动
2026-07-07 18:17:11,771 - AIObserver - INFO - ============================================================
2026-07-07 18:17:11,771 - AIObserver - INFO - 开始从所有数据源获取新闻...
2026-07-07 18:17:11,771 - AIObserver - INFO - 从 Bing News 获取到 5 条新闻
2026-07-07 18:17:12,139 - AIObserver - INFO - 从 arXiv 获取到 3 条新闻
2026-07-07 18:17:33,658 - AIObserver - INFO - 从 GitHub Trending 获取到 3 条新闻
2026-07-07 18:25:25,013 - AIObserver - INFO - 从 Hacker News 获取到 9 条新闻
2026-07-07 18:25:25,013 - AIObserver - INFO - 共获取到 20 条新闻
2026-07-07 18:25:25,013 - AIObserver - INFO - 开始处理新闻...
2026-07-07 18:25:25,014 - AIObserver - INFO - NewsCategorizer 处理完成
2026-07-07 18:25:35,326 - AIObserver - INFO - AISummarizer 处理完成
2026-07-07 18:25:35,328 - AIObserver - INFO - TrendAnalyzer 处理完成
2026-07-07 18:25:35,328 - AIObserver - INFO - 开始生成日报...
2026-07-07 18:25:35,328 - AIObserver - INFO - 日报生成完成
2026-07-07 18:25:35,329 - AIObserver - INFO - 开始分发日报...
2026-07-07 18:25:35,331 - AIObserver - INFO - File 分发成功
2026-07-07 18:25:36,237 - AIObserver - INFO - Email 分发成功
2026-07-07 18:25:36,238 - AIObserver - INFO - Telegram 分发成功
2026-07-07 18:25:36,238 - AIObserver - INFO - 日报任务执行完成
2026-07-07 18:50:40,379 - AIObserver - INFO - ============================================================
2026-07-07 18:50:40,379 - AIObserver - INFO - AI前沿观察者日报任务启动
2026-07-07 18:50:40,379 - AIObserver - INFO - ============================================================
2026-07-07 18:50:40,379 - AIObserver - INFO - 开始从所有数据源获取新闻...
2026-07-07 18:50:40,380 - AIObserver - INFO - 从 Bing News 获取到 5 条新闻
2026-07-07 18:50:40,798 - AIObserver - INFO - 从 arXiv 获取到 3 条新闻
2026-07-07 18:51:02,303 - AIObserver - INFO - 从 GitHub Trending 获取到 3 条新闻
2026-07-07 18:56:00,040 - AIObserver - INFO - ============================================================
2026-07-07 18:56:00,040 - AIObserver - INFO - AI前沿观察者日报任务启动
2026-07-07 18:56:00,041 - AIObserver - INFO - ============================================================
2026-07-07 18:56:00,041 - AIObserver - INFO - 开始从所有数据源获取新闻...
2026-07-07 18:56:00,042 - AIObserver - INFO - 从 Bing News 获取到 5 条新闻
2026-07-07 18:56:00,428 - AIObserver - INFO - 从 arXiv 获取到 3 条新闻
2026-07-07 18:56:29,697 - AIObserver - INFO - ============================================================
2026-07-07 18:56:29,698 - AIObserver - INFO - AI前沿观察者日报任务启动
2026-07-07 18:56:29,698 - AIObserver - INFO - ============================================================
2026-07-07 18:56:29,698 - AIObserver - INFO - 开始从所有数据源获取新闻...
2026-07-07 18:56:29,699 - AIObserver - INFO - 从 Bing News 获取到 5 条新闻
2026-07-07 18:56:36,177 - AIObserver - INFO - 从 arXiv 获取到 3 条新闻
2026-07-07 18:56:42,927 - AIObserver - INFO - 从 GitHub Trending 获取到 3 条新闻
2026-07-07 18:57:10,248 - AIObserver - INFO - 从 Hacker News 获取到 3 条新闻
2026-07-07 18:57:26,812 - AIObserver - INFO - 从 RSS订阅 获取到 5 条新闻
2026-07-07 18:57:26,926 - AIObserver - INFO - 从 知乎热榜 获取到 3 条新闻
2026-07-07 18:57:27,522 - AIObserver - INFO - 从 科技媒体 获取到 0 条新闻
2026-07-07 18:57:27,522 - AIObserver - INFO - 共获取到 22 条新闻
2026-07-07 18:57:27,522 - AIObserver - INFO - 开始处理新闻...
2026-07-07 18:57:27,525 - AIObserver - INFO - NewsCategorizer 处理完成
2026-07-07 18:57:38,185 - AIObserver - INFO - AISummarizer 处理完成
2026-07-07 18:57:38,187 - AIObserver - INFO - TrendAnalyzer 处理完成
2026-07-07 18:57:38,187 - AIObserver - INFO - 开始生成日报...
2026-07-07 18:57:38,188 - AIObserver - INFO - 日报生成完成
2026-07-07 18:57:38,188 - AIObserver - INFO - 开始分发日报...
2026-07-07 18:57:38,189 - AIObserver - INFO - File 分发成功
2026-07-07 18:57:40,191 - AIObserver - INFO - Email 分发成功
2026-07-07 18:57:40,192 - AIObserver - INFO - Telegram 分发成功
2026-07-07 18:57:40,192 - AIObserver - INFO - 日报任务执行完成
2026-07-07 19:05:46,254 - AIObserver - INFO - ============================================================
2026-07-07 19:05:46,254 - AIObserver - INFO - AI前沿观察者日报任务启动
2026-07-07 19:05:46,254 - AIObserver - INFO - ============================================================
2026-07-07 19:05:46,255 - AIObserver - INFO - 开始从所有数据源获取新闻...
2026-07-07 19:05:46,255 - AIObserver - INFO - 从 Bing News 获取到 5 条新闻
2026-07-07 19:05:47,541 - AIObserver - INFO - 从 arXiv 获取到 10 条新闻
2026-07-07 19:06:03,266 - AIObserver - INFO - 从 GitHub Trending 获取到 3 条新闻
2026-07-07 19:09:20,684 - AIObserver - INFO - ============================================================
2026-07-07 19:09:20,684 - AIObserver - INFO - AI前沿观察者日报任务启动
2026-07-07 19:09:20,684 - AIObserver - INFO - ============================================================
2026-07-07 19:09:20,684 - AIObserver - INFO - 开始从所有数据源获取新闻...
2026-07-07 19:09:20,685 - AIObserver - INFO - 从 Bing News 获取到 5 条新闻
2026-07-07 19:09:21,244 - AIObserver - INFO - 从 arXiv 获取到 10 条新闻
2026-07-07 19:09:36,563 - AIObserver - INFO - 从 GitHub Trending 获取到 3 条新闻
2026-07-07 19:12:06,600 - AIObserver - INFO - ============================================================
2026-07-07 19:12:06,600 - AIObserver - INFO - AI前沿观察者日报任务启动
2026-07-07 19:12:06,600 - AIObserver - INFO - ============================================================
2026-07-07 19:12:06,600 - AIObserver - INFO - 开始从所有数据源获取新闻...
2026-07-07 19:12:06,601 - AIObserver - INFO - 从 Bing News 获取到 5 条新闻
2026-07-07 19:12:07,192 - AIObserver - INFO - 从 arXiv 获取到 10 条新闻
2026-07-07 19:12:07,192 - AIObserver - INFO - 从 GitHub Trending 获取到 3 条新闻
2026-07-07 19:12:07,192 - AIObserver - INFO - 从 Hacker News 获取到 3 条新闻
2026-07-07 19:12:08,612 - AIObserver - INFO - 从 RSS订阅 获取到 5 条新闻
2026-07-07 19:12:08,612 - AIObserver - INFO - 从 知乎热榜 获取到 3 条新闻
2026-07-07 19:12:09,236 - AIObserver - INFO - 从 科技媒体 获取到 0 条新闻
2026-07-07 19:12:09,236 - AIObserver - INFO - 共获取到 29 条新闻
2026-07-07 19:12:09,236 - AIObserver - INFO - 开始处理新闻...
2026-07-07 19:12:09,237 - AIObserver - INFO - NewsCategorizer 处理完成
2026-07-07 19:12:58,916 - AIObserver - INFO - AISummarizer 处理完成
2026-07-07 19:12:58,917 - AIObserver - INFO - TrendAnalyzer 处理完成
2026-07-07 19:12:58,917 - AIObserver - INFO - 开始生成日报...
2026-07-07 19:12:58,918 - AIObserver - INFO - 日报生成完成
2026-07-07 19:12:58,918 - AIObserver - INFO - 开始分发日报...
2026-07-07 19:12:58,919 - AIObserver - INFO - File 分发成功
2026-07-07 19:13:00,592 - AIObserver - INFO - Email 分发成功
2026-07-07 19:13:00,593 - AIObserver - INFO - Telegram 分发成功
2026-07-07 19:13:00,593 - AIObserver - INFO - 日报任务执行完成
